{"/Users/seohyeonkim/Desktop/marveloper/study/react-test-code/src/app.tsx": {"path":"/Users/seohyeonkim/Desktop/marveloper/study/react-test-code/src/app.tsx","statementMap":{"0":{"start":{"line":9,"column":12},"end":{"line":53,"column":1}},"1":{"start":{"line":10,"column":30},"end":{"line":14,"column":4}},"2":{"start":{"line":16,"column":18},"end":{"line":16,"column":44}},"3":{"start":{"line":18,"column":26},"end":{"line":21,"column":3}},"4":{"start":{"line":19,"column":15},"end":{"line":19,"column":57}},"5":{"start":{"line":23,"column":26},"end":{"line":26,"column":3}},"6":{"start":{"line":24,"column":15},"end":{"line":24,"column":57}},"7":{"start":{"line":28,"column":23},"end":{"line":31,"column":3}},"8":{"start":{"line":29,"column":15},"end":{"line":29,"column":54}},"9":{"start":{"line":33,"column":20},"end":{"line":36,"column":3}},"10":{"start":{"line":34,"column":14},"end":{"line":34,"column":49}},"11":{"start":{"line":38,"column":22},"end":{"line":38,"column":76}},"12":{"start":{"line":38,"column":40},"end":{"line":38,"column":71}},"13":{"start":{"line":40,"column":2},"end":{"line":52,"column":4}},"14":{"start":{"line":42,"column":50},"end":{"line":42,"column":64}}},"fnMap":{"0":{"name":"(anonymous_0)","decl":{"start":{"line":9,"column":12},"end":{"line":9,"column":13}},"loc":{"start":{"line":9,"column":18},"end":{"line":53,"column":1}},"line":9},"1":{"name":"(anonymous_1)","decl":{"start":{"line":19,"column":4},"end":{"line":19,"column":5}},"loc":{"start":{"line":19,"column":15},"end":{"line":19,"column":57}},"line":19},"2":{"name":"(anonymous_2)","decl":{"start":{"line":24,"column":4},"end":{"line":24,"column":5}},"loc":{"start":{"line":24,"column":15},"end":{"line":24,"column":57}},"line":24},"3":{"name":"(anonymous_3)","decl":{"start":{"line":29,"column":4},"end":{"line":29,"column":5}},"loc":{"start":{"line":29,"column":15},"end":{"line":29,"column":54}},"line":29},"4":{"name":"(anonymous_4)","decl":{"start":{"line":34,"column":4},"end":{"line":34,"column":5}},"loc":{"start":{"line":34,"column":14},"end":{"line":34,"column":49}},"line":34},"5":{"name":"(anonymous_5)","decl":{"start":{"line":38,"column":34},"end":{"line":38,"column":35}},"loc":{"start":{"line":38,"column":40},"end":{"line":38,"column":71}},"line":38},"6":{"name":"(anonymous_6)","decl":{"start":{"line":42,"column":40},"end":{"line":42,"column":41}},"loc":{"start":{"line":42,"column":50},"end":{"line":42,"column":64}},"line":42}},"branchMap":{},"s":{"0":0,"1":0,"2":0,"3":0,"4":0,"5":0,"6":0,"7":0,"8":0,"9":0,"10":0,"11":0,"12":0,"13":0,"14":0},"f":{"0":0,"1":0,"2":0,"3":0,"4":0,"5":0,"6":0},"b":{},"hash":"7bb92f89e943c2a997c2d7e1cfa0d0fac4a2b8e6"}
,"/Users/seohyeonkim/Desktop/marveloper/study/react-test-code/src/index.js": {"path":"/Users/seohyeonkim/Desktop/marveloper/study/react-test-code/src/index.js","statementMap":{"0":{"start":{"line":7,"column":0},"end":{"line":12,"column":2}}},"fnMap":{},"branchMap":{},"s":{"0":0},"f":{},"b":{},"hash":"c9733a4af9c154fe9c10bd91ad01a756ed26f0ef"}
,"/Users/seohyeonkim/Desktop/marveloper/study/react-test-code/src/components/habit.tsx": {"path":"/Users/seohyeonkim/Desktop/marveloper/study/react-test-code/src/components/habit.tsx","statementMap":{"0":{"start":{"line":11,"column":14},"end":{"line":39,"column":1}},"1":{"start":{"line":13,"column":28},"end":{"line":13,"column":52}},"2":{"start":{"line":13,"column":34},"end":{"line":13,"column":52}},"3":{"start":{"line":14,"column":28},"end":{"line":14,"column":52}},"4":{"start":{"line":14,"column":34},"end":{"line":14,"column":52}},"5":{"start":{"line":15,"column":25},"end":{"line":15,"column":46}},"6":{"start":{"line":15,"column":31},"end":{"line":15,"column":46}},"7":{"start":{"line":17,"column":4},"end":{"line":37,"column":6}}},"fnMap":{"0":{"name":"(anonymous_0)","decl":{"start":{"line":12,"column":2},"end":{"line":12,"column":3}},"loc":{"start":{"line":12,"column":65},"end":{"line":38,"column":3}},"line":12},"1":{"name":"(anonymous_1)","decl":{"start":{"line":13,"column":28},"end":{"line":13,"column":29}},"loc":{"start":{"line":13,"column":34},"end":{"line":13,"column":52}},"line":13},"2":{"name":"(anonymous_2)","decl":{"start":{"line":14,"column":28},"end":{"line":14,"column":29}},"loc":{"start":{"line":14,"column":34},"end":{"line":14,"column":52}},"line":14},"3":{"name":"(anonymous_3)","decl":{"start":{"line":15,"column":25},"end":{"line":15,"column":26}},"loc":{"start":{"line":15,"column":31},"end":{"line":15,"column":46}},"line":15}},"branchMap":{},"s":{"0":0,"1":0,"2":0,"3":0,"4":0,"5":0,"6":0,"7":0},"f":{"0":0,"1":0,"2":0,"3":0},"b":{},"hash":"184ff390d2fafe3601c30751fa7902c08dcbd23d"}
,"/Users/seohyeonkim/Desktop/marveloper/study/react-test-code/src/components/habits.tsx": {"path":"/Users/seohyeonkim/Desktop/marveloper/study/react-test-code/src/components/habits.tsx","statementMap":{"0":{"start":{"line":15,"column":15},"end":{"line":42,"column":1}},"1":{"start":{"line":23,"column":2},"end":{"line":41,"column":4}},"2":{"start":{"line":28,"column":10},"end":{"line":34,"column":12}}},"fnMap":{"0":{"name":"(anonymous_0)","decl":{"start":{"line":15,"column":15},"end":{"line":15,"column":16}},"loc":{"start":{"line":22,"column":19},"end":{"line":42,"column":1}},"line":22},"1":{"name":"(anonymous_1)","decl":{"start":{"line":27,"column":20},"end":{"line":27,"column":21}},"loc":{"start":{"line":28,"column":10},"end":{"line":34,"column":12}},"line":28}},"branchMap":{},"s":{"0":0,"1":0,"2":0},"f":{"0":0,"1":0},"b":{},"hash":"7e5efee90ebe63dbef8d9eb884e51115d938570f"}
,"/Users/seohyeonkim/Desktop/marveloper/study/react-test-code/src/components/navbar.tsx": {"path":"/Users/seohyeonkim/Desktop/marveloper/study/react-test-code/src/components/navbar.tsx","statementMap":{"0":{"start":{"line":3,"column":15},"end":{"line":9,"column":1}},"1":{"start":{"line":4,"column":2},"end":{"line":8,"column":8}}},"fnMap":{"0":{"name":"(anonymous_0)","decl":{"start":{"line":3,"column":15},"end":{"line":3,"column":16}},"loc":{"start":{"line":4,"column":2},"end":{"line":8,"column":8}},"line":4}},"branchMap":{},"s":{"0":0,"1":0},"f":{"0":0},"b":{},"hash":"14b76cf44aea450fec831143e90d52ca44693059"}
,"/Users/seohyeonkim/Desktop/marveloper/study/react-test-code/src/components/form/habitAddForm.tsx": {"path":"/Users/seohyeonkim/Desktop/marveloper/study/react-test-code/src/components/form/habitAddForm.tsx","statementMap":{"0":{"start":{"line":7,"column":21},"end":{"line":29,"column":2}},"1":{"start":{"line":8,"column":18},"end":{"line":8,"column":52}},"2":{"start":{"line":9,"column":19},"end":{"line":9,"column":54}},"3":{"start":{"line":11,"column":19},"end":{"line":16,"column":3}},"4":{"start":{"line":12,"column":4},"end":{"line":12,"column":27}},"5":{"start":{"line":13,"column":17},"end":{"line":13,"column":40}},"6":{"start":{"line":14,"column":4},"end":{"line":14,"column":24}},"7":{"start":{"line":15,"column":4},"end":{"line":15,"column":29}},"8":{"start":{"line":18,"column":2},"end":{"line":28,"column":4}}},"fnMap":{"0":{"name":"(anonymous_0)","decl":{"start":{"line":7,"column":26},"end":{"line":7,"column":27}},"loc":{"start":{"line":7,"column":60},"end":{"line":29,"column":1}},"line":7},"1":{"name":"(anonymous_1)","decl":{"start":{"line":11,"column":19},"end":{"line":11,"column":20}},"loc":{"start":{"line":11,"column":64},"end":{"line":16,"column":3}},"line":11}},"branchMap":{"0":{"loc":{"start":{"line":14,"column":4},"end":{"line":14,"column":23}},"type":"binary-expr","locations":[{"start":{"line":14,"column":4},"end":{"line":14,"column":8}},{"start":{"line":14,"column":12},"end":{"line":14,"column":23}}],"line":14}},"s":{"0":0,"1":0,"2":0,"3":0,"4":0,"5":0,"6":0,"7":0,"8":0},"f":{"0":0,"1":0},"b":{"0":[0,0]},"hash":"e518d0480a815c43c87d4499a1bfe789a7b85edc"}
,"/Users/seohyeonkim/Desktop/marveloper/study/react-test-code/src/hook/useGetHabitHandler.ts": {"path":"/Users/seohyeonkim/Desktop/marveloper/study/react-test-code/src/hook/useGetHabitHandler.ts","statementMap":{"0":{"start":{"line":4,"column":27},"end":{"line":51,"column":1}},"1":{"start":{"line":5,"column":20},"end":{"line":5,"column":32}},"2":{"start":{"line":5,"column":26},"end":{"line":5,"column":32}},"3":{"start":{"line":7,"column":27},"end":{"line":12,"column":3}},"4":{"start":{"line":8,"column":19},"end":{"line":10,"column":5}},"5":{"start":{"line":9,"column":6},"end":{"line":9,"column":70}},"6":{"start":{"line":11,"column":4},"end":{"line":11,"column":19}},"7":{"start":{"line":14,"column":27},"end":{"line":21,"column":3}},"8":{"start":{"line":15,"column":19},"end":{"line":19,"column":5}},"9":{"start":{"line":16,"column":6},"end":{"line":18,"column":14}},"10":{"start":{"line":20,"column":4},"end":{"line":20,"column":19}},"11":{"start":{"line":23,"column":24},"end":{"line":26,"column":3}},"12":{"start":{"line":24,"column":19},"end":{"line":24,"column":64}},"13":{"start":{"line":24,"column":43},"end":{"line":24,"column":63}},"14":{"start":{"line":25,"column":4},"end":{"line":25,"column":19}},"15":{"start":{"line":28,"column":21},"end":{"line":34,"column":3}},"16":{"start":{"line":29,"column":4},"end":{"line":31,"column":5}},"17":{"start":{"line":30,"column":6},"end":{"line":30,"column":58}},"18":{"start":{"line":32,"column":19},"end":{"line":32,"column":66}},"19":{"start":{"line":33,"column":4},"end":{"line":33,"column":19}},"20":{"start":{"line":36,"column":23},"end":{"line":41,"column":3}},"21":{"start":{"line":37,"column":19},"end":{"line":39,"column":5}},"22":{"start":{"line":38,"column":6},"end":{"line":38,"column":53}},"23":{"start":{"line":40,"column":4},"end":{"line":40,"column":19}},"24":{"start":{"line":43,"column":2},"end":{"line":50,"column":4}}},"fnMap":{"0":{"name":"(anonymous_0)","decl":{"start":{"line":4,"column":27},"end":{"line":4,"column":28}},"loc":{"start":{"line":4,"column":69},"end":{"line":51,"column":1}},"line":4},"1":{"name":"(anonymous_1)","decl":{"start":{"line":5,"column":20},"end":{"line":5,"column":21}},"loc":{"start":{"line":5,"column":26},"end":{"line":5,"column":32}},"line":5},"2":{"name":"(anonymous_2)","decl":{"start":{"line":7,"column":27},"end":{"line":7,"column":28}},"loc":{"start":{"line":7,"column":62},"end":{"line":12,"column":3}},"line":7},"3":{"name":"(anonymous_3)","decl":{"start":{"line":8,"column":30},"end":{"line":8,"column":31}},"loc":{"start":{"line":9,"column":6},"end":{"line":9,"column":70}},"line":9},"4":{"name":"(anonymous_4)","decl":{"start":{"line":14,"column":27},"end":{"line":14,"column":28}},"loc":{"start":{"line":14,"column":62},"end":{"line":21,"column":3}},"line":14},"5":{"name":"(anonymous_5)","decl":{"start":{"line":15,"column":30},"end":{"line":15,"column":31}},"loc":{"start":{"line":16,"column":6},"end":{"line":18,"column":14}},"line":16},"6":{"name":"(anonymous_6)","decl":{"start":{"line":23,"column":24},"end":{"line":23,"column":25}},"loc":{"start":{"line":23,"column":59},"end":{"line":26,"column":3}},"line":23},"7":{"name":"(anonymous_7)","decl":{"start":{"line":24,"column":33},"end":{"line":24,"column":34}},"loc":{"start":{"line":24,"column":43},"end":{"line":24,"column":63}},"line":24},"8":{"name":"(anonymous_8)","decl":{"start":{"line":28,"column":21},"end":{"line":28,"column":22}},"loc":{"start":{"line":28,"column":52},"end":{"line":34,"column":3}},"line":28},"9":{"name":"(anonymous_9)","decl":{"start":{"line":36,"column":23},"end":{"line":36,"column":24}},"loc":{"start":{"line":36,"column":40},"end":{"line":41,"column":3}},"line":36},"10":{"name":"(anonymous_10)","decl":{"start":{"line":37,"column":30},"end":{"line":37,"column":31}},"loc":{"start":{"line":38,"column":6},"end":{"line":38,"column":53}},"line":38}},"branchMap":{"0":{"loc":{"start":{"line":4,"column":49},"end":{"line":4,"column":64}},"type":"default-arg","locations":[{"start":{"line":4,"column":61},"end":{"line":4,"column":64}}],"line":4},"1":{"loc":{"start":{"line":9,"column":6},"end":{"line":9,"column":70}},"type":"cond-expr","locations":[{"start":{"line":9,"column":29},"end":{"line":9,"column":63}},{"start":{"line":9,"column":66},"end":{"line":9,"column":70}}],"line":9},"2":{"loc":{"start":{"line":16,"column":6},"end":{"line":18,"column":14}},"type":"cond-expr","locations":[{"start":{"line":17,"column":10},"end":{"line":17,"column":69}},{"start":{"line":18,"column":10},"end":{"line":18,"column":14}}],"line":16},"3":{"loc":{"start":{"line":17,"column":28},"end":{"line":17,"column":67}},"type":"cond-expr","locations":[{"start":{"line":17,"column":49},"end":{"line":17,"column":50}},{"start":{"line":17,"column":53},"end":{"line":17,"column":67}}],"line":17},"4":{"loc":{"start":{"line":29,"column":4},"end":{"line":31,"column":5}},"type":"if","locations":[{"start":{"line":29,"column":4},"end":{"line":31,"column":5}},{"start":{"line":29,"column":4},"end":{"line":31,"column":5}}],"line":29},"5":{"loc":{"start":{"line":38,"column":6},"end":{"line":38,"column":53}},"type":"cond-expr","locations":[{"start":{"line":38,"column":25},"end":{"line":38,"column":46}},{"start":{"line":38,"column":49},"end":{"line":38,"column":53}}],"line":38}},"s":{"0":1,"1":10,"2":3,"3":10,"4":1,"5":2,"6":1,"7":10,"8":1,"9":2,"10":1,"11":10,"12":0,"13":0,"14":0,"15":10,"16":5,"17":0,"18":5,"19":5,"20":10,"21":2,"22":4,"23":2,"24":10},"f":{"0":10,"1":3,"2":1,"3":2,"4":1,"5":2,"6":0,"7":0,"8":5,"9":2,"10":4},"b":{"0":[8],"1":[1,1],"2":[1,1],"3":[0,1],"4":[0,5],"5":[2,2]},"_coverageSchema":"43e27e138ebf9cfc5966b082cf9a028302ed4184","hash":"9b52c626278050d87d141dc0ec27f2ed987263b5"}
}
