TN:
SF:/Users/seohyeonkim/Desktop/marveloper/study/react-test-code/src/app.tsx
FN:9,(anonymous_0)
FN:19,(anonymous_1)
FN:24,(anonymous_2)
FN:29,(anonymous_3)
FN:34,(anonymous_4)
FN:38,(anonymous_5)
FN:42,(anonymous_6)
FNF:7
FNH:0
FNDA:0,(anonymous_0)
FNDA:0,(anonymous_1)
FNDA:0,(anonymous_2)
FNDA:0,(anonymous_3)
FNDA:0,(anonymous_4)
FNDA:0,(anonymous_5)
FNDA:0,(anonymous_6)
DA:9,0
DA:10,0
DA:16,0
DA:18,0
DA:19,0
DA:23,0
DA:24,0
DA:28,0
DA:29,0
DA:33,0
DA:34,0
DA:38,0
DA:40,0
DA:42,0
LF:14
LH:0
BRF:0
BRH:0
end_of_record
TN:
SF:/Users/seohyeonkim/Desktop/marveloper/study/react-test-code/src/index.js
FNF:0
FNH:0
DA:7,0
LF:1
LH:0
BRF:0
BRH:0
end_of_record
TN:
SF:/Users/seohyeonkim/Desktop/marveloper/study/react-test-code/src/components/habit.tsx
FN:12,(anonymous_0)
FN:13,(anonymous_1)
FN:14,(anonymous_2)
FN:15,(anonymous_3)
FNF:4
FNH:0
FNDA:0,(anonymous_0)
FNDA:0,(anonymous_1)
FNDA:0,(anonymous_2)
FNDA:0,(anonymous_3)
DA:11,0
DA:13,0
DA:14,0
DA:15,0
DA:17,0
LF:5
LH:0
BRF:0
BRH:0
end_of_record
TN:
SF:/Users/seohyeonkim/Desktop/marveloper/study/react-test-code/src/components/habits.tsx
FN:15,(anonymous_0)
FN:27,(anonymous_1)
FNF:2
FNH:0
FNDA:0,(anonymous_0)
FNDA:0,(anonymous_1)
DA:15,0
DA:23,0
DA:28,0
LF:3
LH:0
BRF:0
BRH:0
end_of_record
TN:
SF:/Users/seohyeonkim/Desktop/marveloper/study/react-test-code/src/components/navbar.tsx
FN:3,(anonymous_0)
FNF:1
FNH:0
FNDA:0,(anonymous_0)
DA:3,0
DA:4,0
LF:2
LH:0
BRF:0
BRH:0
end_of_record
TN:
SF:/Users/seohyeonkim/Desktop/marveloper/study/react-test-code/src/components/form/habitAddForm.tsx
FN:7,(anonymous_0)
FN:11,(anonymous_1)
FNF:2
FNH:0
FNDA:0,(anonymous_0)
FNDA:0,(anonymous_1)
DA:7,0
DA:8,0
DA:9,0
DA:11,0
DA:12,0
DA:13,0
DA:14,0
DA:15,0
DA:18,0
LF:9
LH:0
BRDA:14,0,0,0
BRDA:14,0,1,0
BRF:2
BRH:0
end_of_record
TN:
SF:/Users/seohyeonkim/Desktop/marveloper/study/react-test-code/src/hook/useGetHabitHandler.ts
FN:4,(anonymous_0)
FN:5,(anonymous_1)
FN:7,(anonymous_2)
FN:8,(anonymous_3)
FN:14,(anonymous_4)
FN:15,(anonymous_5)
FN:23,(anonymous_6)
FN:24,(anonymous_7)
FN:28,(anonymous_8)
FN:36,(anonymous_9)
FN:37,(anonymous_10)
FNF:11
FNH:9
FNDA:10,(anonymous_0)
FNDA:3,(anonymous_1)
FNDA:1,(anonymous_2)
FNDA:2,(anonymous_3)
FNDA:1,(anonymous_4)
FNDA:2,(anonymous_5)
FNDA:0,(anonymous_6)
FNDA:0,(anonymous_7)
FNDA:5,(anonymous_8)
FNDA:2,(anonymous_9)
FNDA:4,(anonymous_10)
DA:4,1
DA:5,10
DA:7,10
DA:8,1
DA:9,2
DA:11,1
DA:14,10
DA:15,1
DA:16,2
DA:20,1
DA:23,10
DA:24,0
DA:25,0
DA:28,10
DA:29,5
DA:30,0
DA:32,5
DA:33,5
DA:36,10
DA:37,2
DA:38,4
DA:40,2
DA:43,10
LF:23
LH:20
BRDA:4,0,0,8
BRDA:9,1,0,1
BRDA:9,1,1,1
BRDA:16,2,0,1
BRDA:16,2,1,1
BRDA:17,3,0,0
BRDA:17,3,1,1
BRDA:29,4,0,0
BRDA:29,4,1,5
BRDA:38,5,0,2
BRDA:38,5,1,2
BRF:11
BRH:9
end_of_record
